<?xml version="1.0" encoding="UTF-8"?>
<testsuite name="org.example.GreetingTest" tests="1" skipped="0" failures="0" errors="0" timestamp="2023-09-25T21:07:00" hostname="DESKTOP-Q1VSEG7" time="0.042">
  <properties/>
  <testcase name="greetingTest()" classname="org.example.GreetingTest" time="0.042"/>
  <system-out><![CDATA[hello
]]></system-out>
  <system-err><![CDATA[]]></system-err>
</testsuite>
